F:\PROJECT\VIDEODEPTHRECOVERY\VIDEODEPTHRECOVERY\DEBUG\ACTBFILEPARSER.OBJ
F:\PROJECT\VIDEODEPTHRECOVERY\VIDEODEPTHRECOVERY\DEBUG\ACTSFILEPARSER.OBJ
F:\PROJECT\VIDEODEPTHRECOVERY\VIDEODEPTHRECOVERY\DEBUG\ACTSPARSERBASE.OBJ
F:\PROJECT\VIDEODEPTHRECOVERY\VIDEODEPTHRECOVERY\DEBUG\AUTOVISUALHULL.OBJ
F:\PROJECT\VIDEODEPTHRECOVERY\VIDEODEPTHRECOVERY\DEBUG\AUTOVOXEL.OBJ
F:\PROJECT\VIDEODEPTHRECOVERY\VIDEODEPTHRECOVERY\DEBUG\BELIEFPROPAGATION.OBJ
F:\PROJECT\VIDEODEPTHRECOVERY\VIDEODEPTHRECOVERY\DEBUG\BGIMAGE.OBJ
F:\PROJECT\VIDEODEPTHRECOVERY\VIDEODEPTHRECOVERY\DEBUG\BLOCK.OBJ
F:\PROJECT\VIDEODEPTHRECOVERY\VIDEODEPTHRECOVERY\DEBUG\BOXCALCULATOR.OBJ
F:\PROJECT\VIDEODEPTHRECOVERY\VIDEODEPTHRECOVERY\DEBUG\BOXFILTER.OBJ
F:\PROJECT\VIDEODEPTHRECOVERY\VIDEODEPTHRECOVERY\DEBUG\CAMERAPARAMETERS.OBJ
F:\PROJECT\VIDEODEPTHRECOVERY\VIDEODEPTHRECOVERY\DEBUG\CAMFILEPARSER.OBJ
F:\Project\VideoDepthRecovery\VideoDepthRecovery\Debug\cl.command.1.tlog
F:\Project\VideoDepthRecovery\VideoDepthRecovery\Debug\CL.read.1.tlog
F:\Project\VideoDepthRecovery\VideoDepthRecovery\Debug\CL.write.1.tlog
F:\Project\VideoDepthRecovery\VideoDepthRecovery\Debug\custombuild.command.1.tlog
F:\Project\VideoDepthRecovery\VideoDepthRecovery\Debug\custombuild.read.1.tlog
F:\Project\VideoDepthRecovery\VideoDepthRecovery\Debug\custombuild.write.1.tlog
F:\PROJECT\VIDEODEPTHRECOVERY\VIDEODEPTHRECOVERY\DEBUG\CXIMAGEFUNCTION.OBJ
F:\PROJECT\VIDEODEPTHRECOVERY\VIDEODEPTHRECOVERY\DEBUG\DATACOST.OBJ
F:\PROJECT\VIDEODEPTHRECOVERY\VIDEODEPTHRECOVERY\DEBUG\DATACOSTUNIT.OBJ
F:\PROJECT\VIDEODEPTHRECOVERY\VIDEODEPTHRECOVERY\DEBUG\DATACOSTWORKUNIT.OBJ
F:\PROJECT\VIDEODEPTHRECOVERY\VIDEODEPTHRECOVERY\DEBUG\DEPTHPARAWIDGET.OBJ
F:\PROJECT\VIDEODEPTHRECOVERY\VIDEODEPTHRECOVERY\DEBUG\DSPESTIMATOR_NORMAL.OBJ
F:\PROJECT\VIDEODEPTHRECOVERY\VIDEODEPTHRECOVERY\DEBUG\DSPESTIMATORBASE.OBJ
F:\PROJECT\VIDEODEPTHRECOVERY\VIDEODEPTHRECOVERY\DEBUG\EXWREGULARGRIDBP.OBJ
F:\PROJECT\VIDEODEPTHRECOVERY\VIDEODEPTHRECOVERY\DEBUG\EXWREGULARGRIDBPWORKUNIT.OBJ
F:\PROJECT\VIDEODEPTHRECOVERY\VIDEODEPTHRECOVERY\DEBUG\FILENAMEPARSER.OBJ
F:\PROJECT\VIDEODEPTHRECOVERY\VIDEODEPTHRECOVERY\DEBUG\FILEPARSER.OBJ
F:\PROJECT\VIDEODEPTHRECOVERY\VIDEODEPTHRECOVERY\DEBUG\FRAMESELECTOR_MATCHPOINTS.OBJ
F:\PROJECT\VIDEODEPTHRECOVERY\VIDEODEPTHRECOVERY\DEBUG\FRAMESELECTOR_NORMAL.OBJ
F:\PROJECT\VIDEODEPTHRECOVERY\VIDEODEPTHRECOVERY\DEBUG\FRAMESELECTORBASE.OBJ
F:\PROJECT\VIDEODEPTHRECOVERY\VIDEODEPTHRECOVERY\DEBUG\GCAPPLICATION.OBJ
F:\PROJECT\VIDEODEPTHRECOVERY\VIDEODEPTHRECOVERY\DEBUG\GCGRAPH.OBJ
F:\PROJECT\VIDEODEPTHRECOVERY\VIDEODEPTHRECOVERY\DEBUG\GMM.OBJ
F:\PROJECT\VIDEODEPTHRECOVERY\VIDEODEPTHRECOVERY\DEBUG\GMM3D.OBJ
F:\PROJECT\VIDEODEPTHRECOVERY\VIDEODEPTHRECOVERY\DEBUG\GRABCUT2D.OBJ
F:\PROJECT\VIDEODEPTHRECOVERY\VIDEODEPTHRECOVERY\DEBUG\IMGPARTITIONBASE.OBJ
F:\PROJECT\VIDEODEPTHRECOVERY\VIDEODEPTHRECOVERY\DEBUG\IMGPARTITON.OBJ
F:\PROJECT\VIDEODEPTHRECOVERY\VIDEODEPTHRECOVERY\DEBUG\LEVENMAROPTIMIZER.OBJ
F:\PROJECT\VIDEODEPTHRECOVERY\VIDEODEPTHRECOVERY\DEBUG\LIGHTSTAGE.EXE.INTERMEDIATE.MANIFEST
F:\Project\VideoDepthRecovery\VideoDepthRecovery\Debug\LightStage.write.1.tlog
F:\Project\VideoDepthRecovery\VideoDepthRecovery\Debug\link.command.1.tlog
F:\Project\VideoDepthRecovery\VideoDepthRecovery\Debug\link.read.1.tlog
F:\Project\VideoDepthRecovery\VideoDepthRecovery\Debug\link.read.3.tlog
F:\Project\VideoDepthRecovery\VideoDepthRecovery\Debug\link.write.1.tlog
F:\PROJECT\VIDEODEPTHRECOVERY\VIDEODEPTHRECOVERY\DEBUG\LSBELIEFPROPAGATION.OBJ
F:\PROJECT\VIDEODEPTHRECOVERY\VIDEODEPTHRECOVERY\DEBUG\LSCAMERAPARAMETERS.OBJ
F:\PROJECT\VIDEODEPTHRECOVERY\VIDEODEPTHRECOVERY\DEBUG\LSDEPTHESTIMATOR.OBJ
F:\PROJECT\VIDEODEPTHRECOVERY\VIDEODEPTHRECOVERY\DEBUG\LSIMGPARTITION.OBJ
F:\PROJECT\VIDEODEPTHRECOVERY\VIDEODEPTHRECOVERY\DEBUG\LSMODELIO.OBJ
F:\PROJECT\VIDEODEPTHRECOVERY\VIDEODEPTHRECOVERY\DEBUG\LSPARAWIDGET.OBJ
F:\PROJECT\VIDEODEPTHRECOVERY\VIDEODEPTHRECOVERY\DEBUG\LSRUNCONFIGDLG.OBJ
F:\PROJECT\VIDEODEPTHRECOVERY\VIDEODEPTHRECOVERY\DEBUG\LSSTEREOWORKUNIT.OBJ
F:\PROJECT\VIDEODEPTHRECOVERY\VIDEODEPTHRECOVERY\DEBUG\LSSTRUCTUREMOTION.OBJ
F:\PROJECT\VIDEODEPTHRECOVERY\VIDEODEPTHRECOVERY\DEBUG\LSSUPERREFINEWORKUNIT.OBJ
F:\PROJECT\VIDEODEPTHRECOVERY\VIDEODEPTHRECOVERY\DEBUG\LSVIDEOFRAME.OBJ
F:\PROJECT\VIDEODEPTHRECOVERY\VIDEODEPTHRECOVERY\DEBUG\MAIN.OBJ
F:\PROJECT\VIDEODEPTHRECOVERY\VIDEODEPTHRECOVERY\DEBUG\MAINWINDOWCONTROLER.OBJ
F:\PROJECT\VIDEODEPTHRECOVERY\VIDEODEPTHRECOVERY\DEBUG\MARCHINGCUBE.OBJ
F:\PROJECT\VIDEODEPTHRECOVERY\VIDEODEPTHRECOVERY\DEBUG\MARCHINGCUBESTATIC.OBJ
F:\PROJECT\VIDEODEPTHRECOVERY\VIDEODEPTHRECOVERY\DEBUG\MEANSHIFTSEG.OBJ
F:\PROJECT\VIDEODEPTHRECOVERY\VIDEODEPTHRECOVERY\DEBUG\MOC_DEPTHPARAWIDGET.OBJ
F:\PROJECT\VIDEODEPTHRECOVERY\VIDEODEPTHRECOVERY\DEBUG\MOC_LSPARAWIDGET.OBJ
F:\PROJECT\VIDEODEPTHRECOVERY\VIDEODEPTHRECOVERY\DEBUG\MOC_LSRUNCONFIGDLG.OBJ
F:\PROJECT\VIDEODEPTHRECOVERY\VIDEODEPTHRECOVERY\DEBUG\MOC_RUNCONFIGDLG.OBJ
F:\PROJECT\VIDEODEPTHRECOVERY\VIDEODEPTHRECOVERY\DEBUG\MOC_VIDEODEPTHRECOVERY.OBJ
F:\PROJECT\VIDEODEPTHRECOVERY\VIDEODEPTHRECOVERY\DEBUG\MS.OBJ
F:\PROJECT\VIDEODEPTHRECOVERY\VIDEODEPTHRECOVERY\DEBUG\MSIMAGEPROCESSOR.OBJ
F:\PROJECT\VIDEODEPTHRECOVERY\VIDEODEPTHRECOVERY\DEBUG\MSSYS.OBJ
F:\Project\VideoDepthRecovery\VideoDepthRecovery\Debug\mt.command.1.tlog
F:\Project\VideoDepthRecovery\VideoDepthRecovery\Debug\mt.read.1.tlog
F:\Project\VideoDepthRecovery\VideoDepthRecovery\Debug\mt.write.1.tlog
F:\PROJECT\VIDEODEPTHRECOVERY\VIDEODEPTHRECOVERY\DEBUG\MYHEAP.OBJ
F:\PROJECT\VIDEODEPTHRECOVERY\VIDEODEPTHRECOVERY\DEBUG\NCCCOMMONUSE.OBJ
F:\PROJECT\VIDEODEPTHRECOVERY\VIDEODEPTHRECOVERY\DEBUG\PIXELCOSTCOMPUTER_INIT.OBJ
F:\PROJECT\VIDEODEPTHRECOVERY\VIDEODEPTHRECOVERY\DEBUG\PIXELCOSTCOMPUTOR_REFINE.OBJ
F:\PROJECT\VIDEODEPTHRECOVERY\VIDEODEPTHRECOVERY\DEBUG\PIXELCOSTCOMPUTORBASE.OBJ
F:\PROJECT\VIDEODEPTHRECOVERY\VIDEODEPTHRECOVERY\DEBUG\PLANFITTINGWORKUNIT.OBJ
F:\PROJECT\VIDEODEPTHRECOVERY\VIDEODEPTHRECOVERY\DEBUG\POINTCLOUDSAMPLING.OBJ
F:\PROJECT\VIDEODEPTHRECOVERY\VIDEODEPTHRECOVERY\DEBUG\POINTSETNORMAL.OBJ
F:\PROJECT\VIDEODEPTHRECOVERY\VIDEODEPTHRECOVERY\DEBUG\POSSIONSHEXEC.OBJ
F:\PROJECT\VIDEODEPTHRECOVERY\VIDEODEPTHRECOVERY\DEBUG\QRC_VIDEODEPTHRECOVERY.OBJ
F:\PROJECT\VIDEODEPTHRECOVERY\VIDEODEPTHRECOVERY\DEBUG\RALIST.OBJ
F:\PROJECT\VIDEODEPTHRECOVERY\VIDEODEPTHRECOVERY\DEBUG\RLIST.OBJ
F:\PROJECT\VIDEODEPTHRECOVERY\VIDEODEPTHRECOVERY\DEBUG\RUNCONFIGDLG.OBJ
F:\PROJECT\VIDEODEPTHRECOVERY\VIDEODEPTHRECOVERY\DEBUG\SELECTPOINT.OBJ
F:\PROJECT\VIDEODEPTHRECOVERY\VIDEODEPTHRECOVERY\DEBUG\SELECTPOINTPARAM.OBJ
F:\PROJECT\VIDEODEPTHRECOVERY\VIDEODEPTHRECOVERY\DEBUG\SIMP1.OBJ
F:\PROJECT\VIDEODEPTHRECOVERY\VIDEODEPTHRECOVERY\DEBUG\SIMP2.OBJ
F:\PROJECT\VIDEODEPTHRECOVERY\VIDEODEPTHRECOVERY\DEBUG\SIMP3.OBJ
F:\PROJECT\VIDEODEPTHRECOVERY\VIDEODEPTHRECOVERY\DEBUG\SIMPLX.OBJ
F:\PROJECT\VIDEODEPTHRECOVERY\VIDEODEPTHRECOVERY\DEBUG\SIMPLXWARP.OBJ
F:\PROJECT\VIDEODEPTHRECOVERY\VIDEODEPTHRECOVERY\DEBUG\SOFTRASTERIZE.OBJ
F:\PROJECT\VIDEODEPTHRECOVERY\VIDEODEPTHRECOVERY\DEBUG\VC100.PDB
F:\PROJECT\VIDEODEPTHRECOVERY\VIDEODEPTHRECOVERY\DEBUG\VDRSTRUCTUREMOTION.OBJ
F:\PROJECT\VIDEODEPTHRECOVERY\VIDEODEPTHRECOVERY\DEBUG\VDRVIDEOFRAME.OBJ
F:\PROJECT\VIDEODEPTHRECOVERY\VIDEODEPTHRECOVERY\DEBUG\VH_OCTREE.OBJ
F:\PROJECT\VIDEODEPTHRECOVERY\VIDEODEPTHRECOVERY\DEBUG\VIDEODEPTHRECOVERY.OBJ
F:\Project\VideoDepthRecovery\VideoDepthRecovery\Debug\VideoDepthRecovery.vcxprojResolveAssemblyReference.cache
F:\PROJECT\VIDEODEPTHRECOVERY\VIDEODEPTHRECOVERY\DEBUG\VISUALHULL.OBJ
F:\PROJECT\VIDEODEPTHRECOVERY\VIDEODEPTHRECOVERY\DEBUG\VOXEL.OBJ
F:\PROJECT\VIDEODEPTHRECOVERY\VIDEODEPTHRECOVERY\DEBUG\ZCUBEIMAGE.OBJ
F:\PROJECT\VIDEODEPTHRECOVERY\VIDEODEPTHRECOVERY\DEBUG\ZIMAGE.OBJ
F:\PROJECT\VIDEODEPTHRECOVERY\VIDEODEPTHRECOVERY\DEBUG\ZIMAGEUTIL.OBJ
F:\PROJECT\VIDEODEPTHRECOVERY\VIDEODEPTHRECOVERY\DEBUG\ZNCCCONFESTIMATOR.OBJ
F:\PROJECT\VIDEODEPTHRECOVERY\VIDEODEPTHRECOVERY\GENERATEDFILES\DEBUG\MOC_DEPTHPARAWIDGET.CPP
F:\PROJECT\VIDEODEPTHRECOVERY\VIDEODEPTHRECOVERY\GENERATEDFILES\DEBUG\MOC_LSPARAWIDGET.CPP
F:\PROJECT\VIDEODEPTHRECOVERY\VIDEODEPTHRECOVERY\GENERATEDFILES\DEBUG\MOC_LSRUNCONFIGDLG.CPP
F:\PROJECT\VIDEODEPTHRECOVERY\VIDEODEPTHRECOVERY\GENERATEDFILES\DEBUG\MOC_RUNCONFIGDLG.CPP
F:\PROJECT\VIDEODEPTHRECOVERY\VIDEODEPTHRECOVERY\GENERATEDFILES\DEBUG\MOC_VIDEODEPTHRECOVERY.CPP
F:\PROJECT\VIDEODEPTHRECOVERY\VIDEODEPTHRECOVERY\GENERATEDFILES\QRC_VIDEODEPTHRECOVERY.CPP
F:\PROJECT\VIDEODEPTHRECOVERY\VIDEODEPTHRECOVERY\GENERATEDFILES\UI_DEPTHPARAWIDGET.H
F:\PROJECT\VIDEODEPTHRECOVERY\VIDEODEPTHRECOVERY\GENERATEDFILES\UI_LSPARAWIDGET.H
F:\PROJECT\VIDEODEPTHRECOVERY\VIDEODEPTHRECOVERY\GENERATEDFILES\UI_LSRUNCONFIGDLG.H
F:\PROJECT\VIDEODEPTHRECOVERY\VIDEODEPTHRECOVERY\GENERATEDFILES\UI_RUNCONFIGDLG.H
F:\PROJECT\VIDEODEPTHRECOVERY\VIDEODEPTHRECOVERY\GENERATEDFILES\UI_VIDEODEPTHRECOVERY.H
F:\PROJECT\VIDEODEPTHRECOVERY\WIN32\DEBUG\LIGHTSTAGE.EXE
F:\PROJECT\VIDEODEPTHRECOVERY\WIN32\DEBUG\LIGHTSTAGE.ILK
F:\PROJECT\VIDEODEPTHRECOVERY\WIN32\DEBUG\LIGHTSTAGE.PDB
