F:\PROJECT\VIDEODEPTHRECOVERY\VIDEODEPTHRECOVERY\DEBUG\ACTBFILEPARSER.OBJ
F:\PROJECT\VIDEODEPTHRECOVERY\VIDEODEPTHRECOVERY\DEBUG\ACTSFILEPARSER.OBJ
F:\PROJECT\VIDEODEPTHRECOVERY\VIDEODEPTHRECOVERY\DEBUG\ACTSPARSERBASE.OBJ
F:\PROJECT\VIDEODEPTHRECOVERY\VIDEODEPTHRECOVERY\DEBUG\BELIEFPROPAGATION.OBJ
F:\PROJECT\VIDEODEPTHRECOVERY\VIDEODEPTHRECOVERY\DEBUG\BGIMAGE.OBJ
F:\PROJECT\VIDEODEPTHRECOVERY\VIDEODEPTHRECOVERY\DEBUG\BLOCK.OBJ
F:\PROJECT\VIDEODEPTHRECOVERY\VIDEODEPTHRECOVERY\DEBUG\BOXCALCULATOR.OBJ
F:\PROJECT\VIDEODEPTHRECOVERY\VIDEODEPTHRECOVERY\DEBUG\CAMERAPARAMETERS.OBJ
F:\PROJECT\VIDEODEPTHRECOVERY\VIDEODEPTHRECOVERY\DEBUG\CAMFILEPARSER.OBJ
F:\Project\VideoDepthRecovery\VideoDepthRecovery\Debug\cl.command.1.tlog
F:\Project\VideoDepthRecovery\VideoDepthRecovery\Debug\CL.read.1.tlog
F:\Project\VideoDepthRecovery\VideoDepthRecovery\Debug\CL.write.1.tlog
F:\Project\VideoDepthRecovery\VideoDepthRecovery\Debug\custombuild.command.1.tlog
F:\Project\VideoDepthRecovery\VideoDepthRecovery\Debug\custombuild.read.1.tlog
F:\Project\VideoDepthRecovery\VideoDepthRecovery\Debug\custombuild.write.1.tlog
F:\PROJECT\VIDEODEPTHRECOVERY\VIDEODEPTHRECOVERY\DEBUG\CXIMAGEFUNCTION.OBJ
F:\PROJECT\VIDEODEPTHRECOVERY\VIDEODEPTHRECOVERY\DEBUG\DATACOST.OBJ
F:\PROJECT\VIDEODEPTHRECOVERY\VIDEODEPTHRECOVERY\DEBUG\DATACOSTUNIT.OBJ
F:\PROJECT\VIDEODEPTHRECOVERY\VIDEODEPTHRECOVERY\DEBUG\DATACOSTWORKUNIT.OBJ
F:\PROJECT\VIDEODEPTHRECOVERY\VIDEODEPTHRECOVERY\DEBUG\DEPTHPARAWIDGET.OBJ
F:\PROJECT\VIDEODEPTHRECOVERY\VIDEODEPTHRECOVERY\DEBUG\DSPESTIMATOR_NORMAL.OBJ
F:\PROJECT\VIDEODEPTHRECOVERY\VIDEODEPTHRECOVERY\DEBUG\DSPESTIMATORBASE.OBJ
F:\PROJECT\VIDEODEPTHRECOVERY\VIDEODEPTHRECOVERY\DEBUG\FILENAMEPARSER.OBJ
F:\PROJECT\VIDEODEPTHRECOVERY\VIDEODEPTHRECOVERY\DEBUG\FILEPARSER.OBJ
F:\PROJECT\VIDEODEPTHRECOVERY\VIDEODEPTHRECOVERY\DEBUG\FRAMESELECTOR_MATCHPOINTS.OBJ
F:\PROJECT\VIDEODEPTHRECOVERY\VIDEODEPTHRECOVERY\DEBUG\FRAMESELECTOR_NORMAL.OBJ
F:\PROJECT\VIDEODEPTHRECOVERY\VIDEODEPTHRECOVERY\DEBUG\FRAMESELECTORBASE.OBJ
F:\PROJECT\VIDEODEPTHRECOVERY\VIDEODEPTHRECOVERY\DEBUG\IMGPARTITIONBASE.OBJ
F:\PROJECT\VIDEODEPTHRECOVERY\VIDEODEPTHRECOVERY\DEBUG\IMGPARTITON.OBJ
F:\PROJECT\VIDEODEPTHRECOVERY\VIDEODEPTHRECOVERY\DEBUG\LEVENMAROPTIMIZER.OBJ
F:\Project\VideoDepthRecovery\VideoDepthRecovery\Debug\link.command.1.tlog
F:\Project\VideoDepthRecovery\VideoDepthRecovery\Debug\link.read.1.tlog
F:\Project\VideoDepthRecovery\VideoDepthRecovery\Debug\link.read.3.tlog
F:\Project\VideoDepthRecovery\VideoDepthRecovery\Debug\link.write.1.tlog
F:\PROJECT\VIDEODEPTHRECOVERY\VIDEODEPTHRECOVERY\DEBUG\LS_DEPTHPARAWIDGET.OBJ
F:\PROJECT\VIDEODEPTHRECOVERY\VIDEODEPTHRECOVERY\DEBUG\LS_RUNCONFIGDLG.OBJ
F:\PROJECT\VIDEODEPTHRECOVERY\VIDEODEPTHRECOVERY\DEBUG\MAIN.OBJ
F:\PROJECT\VIDEODEPTHRECOVERY\VIDEODEPTHRECOVERY\DEBUG\MAINWINDOWCONTROLER.OBJ
F:\PROJECT\VIDEODEPTHRECOVERY\VIDEODEPTHRECOVERY\DEBUG\MARCHINGCUBE.OBJ
F:\PROJECT\VIDEODEPTHRECOVERY\VIDEODEPTHRECOVERY\DEBUG\MEANSHIFTSEG.OBJ
F:\PROJECT\VIDEODEPTHRECOVERY\VIDEODEPTHRECOVERY\DEBUG\MOC_DEPTHPARAWIDGET.OBJ
F:\PROJECT\VIDEODEPTHRECOVERY\VIDEODEPTHRECOVERY\DEBUG\MOC_LS_DEPTHPARAWIDGET.OBJ
F:\PROJECT\VIDEODEPTHRECOVERY\VIDEODEPTHRECOVERY\DEBUG\MOC_LS_RUNCONFIGDLG.OBJ
F:\PROJECT\VIDEODEPTHRECOVERY\VIDEODEPTHRECOVERY\DEBUG\MOC_RUNCONFIGDLG.OBJ
F:\PROJECT\VIDEODEPTHRECOVERY\VIDEODEPTHRECOVERY\DEBUG\MOC_VIDEODEPTHRECOVERY.OBJ
F:\PROJECT\VIDEODEPTHRECOVERY\VIDEODEPTHRECOVERY\DEBUG\MS.OBJ
F:\PROJECT\VIDEODEPTHRECOVERY\VIDEODEPTHRECOVERY\DEBUG\MSIMAGEPROCESSOR.OBJ
F:\PROJECT\VIDEODEPTHRECOVERY\VIDEODEPTHRECOVERY\DEBUG\MSSYS.OBJ
F:\Project\VideoDepthRecovery\VideoDepthRecovery\Debug\mt.command.1.tlog
F:\Project\VideoDepthRecovery\VideoDepthRecovery\Debug\mt.read.1.tlog
F:\Project\VideoDepthRecovery\VideoDepthRecovery\Debug\mt.write.1.tlog
F:\PROJECT\VIDEODEPTHRECOVERY\VIDEODEPTHRECOVERY\DEBUG\PIXELCOSTCOMPUTER_INIT.OBJ
F:\PROJECT\VIDEODEPTHRECOVERY\VIDEODEPTHRECOVERY\DEBUG\PIXELCOSTCOMPUTOR_REFINE.OBJ
F:\PROJECT\VIDEODEPTHRECOVERY\VIDEODEPTHRECOVERY\DEBUG\PIXELCOSTCOMPUTORBASE.OBJ
F:\PROJECT\VIDEODEPTHRECOVERY\VIDEODEPTHRECOVERY\DEBUG\PLANFITTINGWORKUNIT.OBJ
F:\PROJECT\VIDEODEPTHRECOVERY\VIDEODEPTHRECOVERY\DEBUG\QRC_VIDEODEPTHRECOVERY.OBJ
F:\PROJECT\VIDEODEPTHRECOVERY\VIDEODEPTHRECOVERY\DEBUG\RALIST.OBJ
F:\PROJECT\VIDEODEPTHRECOVERY\VIDEODEPTHRECOVERY\DEBUG\RLIST.OBJ
F:\PROJECT\VIDEODEPTHRECOVERY\VIDEODEPTHRECOVERY\DEBUG\RUNCONFIGDLG.OBJ
F:\PROJECT\VIDEODEPTHRECOVERY\VIDEODEPTHRECOVERY\DEBUG\SIMP1.OBJ
F:\PROJECT\VIDEODEPTHRECOVERY\VIDEODEPTHRECOVERY\DEBUG\SIMP2.OBJ
F:\PROJECT\VIDEODEPTHRECOVERY\VIDEODEPTHRECOVERY\DEBUG\SIMP3.OBJ
F:\PROJECT\VIDEODEPTHRECOVERY\VIDEODEPTHRECOVERY\DEBUG\SIMPLX.OBJ
F:\PROJECT\VIDEODEPTHRECOVERY\VIDEODEPTHRECOVERY\DEBUG\SIMPLXWARP.OBJ
F:\PROJECT\VIDEODEPTHRECOVERY\VIDEODEPTHRECOVERY\DEBUG\VC100.PDB
F:\PROJECT\VIDEODEPTHRECOVERY\VIDEODEPTHRECOVERY\DEBUG\VDRSTRUCTUREMOTION.OBJ
F:\PROJECT\VIDEODEPTHRECOVERY\VIDEODEPTHRECOVERY\DEBUG\VDRVIDEOFRAME.OBJ
F:\PROJECT\VIDEODEPTHRECOVERY\VIDEODEPTHRECOVERY\DEBUG\VH_OCTREE.OBJ
F:\PROJECT\VIDEODEPTHRECOVERY\VIDEODEPTHRECOVERY\DEBUG\VIDEODEPTHRECOVERY.EXE.INTERMEDIATE.MANIFEST
F:\PROJECT\VIDEODEPTHRECOVERY\VIDEODEPTHRECOVERY\DEBUG\VIDEODEPTHRECOVERY.OBJ
F:\Project\VideoDepthRecovery\VideoDepthRecovery\Debug\VideoDepthRecovery.write.1.tlog
F:\PROJECT\VIDEODEPTHRECOVERY\VIDEODEPTHRECOVERY\DEBUG\VISUALHULL.OBJ
F:\PROJECT\VIDEODEPTHRECOVERY\VIDEODEPTHRECOVERY\DEBUG\VOXEL.OBJ
F:\PROJECT\VIDEODEPTHRECOVERY\VIDEODEPTHRECOVERY\DEBUG\ZIMAGE.OBJ
F:\PROJECT\VIDEODEPTHRECOVERY\VIDEODEPTHRECOVERY\DEBUG\ZIMAGEUTIL.OBJ
F:\PROJECT\VIDEODEPTHRECOVERY\VIDEODEPTHRECOVERY\GENERATEDFILES\DEBUG\MOC_DEPTHPARAWIDGET.CPP
F:\PROJECT\VIDEODEPTHRECOVERY\VIDEODEPTHRECOVERY\GENERATEDFILES\DEBUG\MOC_LS_DEPTHPARAWIDGET.CPP
F:\PROJECT\VIDEODEPTHRECOVERY\VIDEODEPTHRECOVERY\GENERATEDFILES\DEBUG\MOC_LS_RUNCONFIGDLG.CPP
F:\PROJECT\VIDEODEPTHRECOVERY\VIDEODEPTHRECOVERY\GENERATEDFILES\DEBUG\MOC_RUNCONFIGDLG.CPP
F:\PROJECT\VIDEODEPTHRECOVERY\VIDEODEPTHRECOVERY\GENERATEDFILES\DEBUG\MOC_VIDEODEPTHRECOVERY.CPP
F:\PROJECT\VIDEODEPTHRECOVERY\VIDEODEPTHRECOVERY\GENERATEDFILES\QRC_VIDEODEPTHRECOVERY.CPP
F:\PROJECT\VIDEODEPTHRECOVERY\VIDEODEPTHRECOVERY\GENERATEDFILES\UI_DEPTHPARAWIDGET.H
F:\PROJECT\VIDEODEPTHRECOVERY\VIDEODEPTHRECOVERY\GENERATEDFILES\UI_LS_PARAWIDGET.H
F:\PROJECT\VIDEODEPTHRECOVERY\VIDEODEPTHRECOVERY\GENERATEDFILES\UI_LS_RUNCONFIGDLG.H
F:\PROJECT\VIDEODEPTHRECOVERY\VIDEODEPTHRECOVERY\GENERATEDFILES\UI_RUNCONFIGDLG.H
F:\PROJECT\VIDEODEPTHRECOVERY\VIDEODEPTHRECOVERY\GENERATEDFILES\UI_VIDEODEPTHRECOVERY.H
F:\PROJECT\VIDEODEPTHRECOVERY\WIN32\DEBUG\VIDEODEPTHRECOVERY.EXE
F:\PROJECT\VIDEODEPTHRECOVERY\WIN32\DEBUG\VIDEODEPTHRECOVERY.ILK
F:\PROJECT\VIDEODEPTHRECOVERY\WIN32\DEBUG\VIDEODEPTHRECOVERY.PDB
