F:\PROJECT\VIDEODEPTHRECOVERY\VIDEODEPTHRECOVERY\GENERATEDFILES\QRC_VIDEODEPTHRECOVERY.CPP
F:\PROJECT\VIDEODEPTHRECOVERY\VIDEODEPTHRECOVERY\GENERATEDFILES\RELEASE\MOC_DEPTHPARAWIDGET.CPP
F:\PROJECT\VIDEODEPTHRECOVERY\VIDEODEPTHRECOVERY\GENERATEDFILES\RELEASE\MOC_LSPARAWIDGET.CPP
F:\PROJECT\VIDEODEPTHRECOVERY\VIDEODEPTHRECOVERY\GENERATEDFILES\RELEASE\MOC_LSRUNCONFIGDLG.CPP
F:\PROJECT\VIDEODEPTHRECOVERY\VIDEODEPTHRECOVERY\GENERATEDFILES\RELEASE\MOC_RUNCONFIGDLG.CPP
F:\PROJECT\VIDEODEPTHRECOVERY\VIDEODEPTHRECOVERY\GENERATEDFILES\RELEASE\MOC_VIDEODEPTHRECOVERY.CPP
F:\PROJECT\VIDEODEPTHRECOVERY\VIDEODEPTHRECOVERY\GENERATEDFILES\UI_DEPTHPARAWIDGET.H
F:\PROJECT\VIDEODEPTHRECOVERY\VIDEODEPTHRECOVERY\GENERATEDFILES\UI_LSPARAWIDGET.H
F:\PROJECT\VIDEODEPTHRECOVERY\VIDEODEPTHRECOVERY\GENERATEDFILES\UI_LSRUNCONFIGDLG.H
F:\PROJECT\VIDEODEPTHRECOVERY\VIDEODEPTHRECOVERY\GENERATEDFILES\UI_RUNCONFIGDLG.H
F:\PROJECT\VIDEODEPTHRECOVERY\VIDEODEPTHRECOVERY\GENERATEDFILES\UI_VIDEODEPTHRECOVERY.H
F:\PROJECT\VIDEODEPTHRECOVERY\VIDEODEPTHRECOVERY\RELEASE\ACTBFILEPARSER.OBJ
F:\PROJECT\VIDEODEPTHRECOVERY\VIDEODEPTHRECOVERY\RELEASE\ACTSFILEPARSER.OBJ
F:\PROJECT\VIDEODEPTHRECOVERY\VIDEODEPTHRECOVERY\RELEASE\ACTSPARSERBASE.OBJ
F:\PROJECT\VIDEODEPTHRECOVERY\VIDEODEPTHRECOVERY\RELEASE\BELIEFPROPAGATION.OBJ
F:\PROJECT\VIDEODEPTHRECOVERY\VIDEODEPTHRECOVERY\RELEASE\BGIMAGE.OBJ
F:\PROJECT\VIDEODEPTHRECOVERY\VIDEODEPTHRECOVERY\RELEASE\BLOCK.OBJ
F:\PROJECT\VIDEODEPTHRECOVERY\VIDEODEPTHRECOVERY\RELEASE\BOXCALCULATOR.OBJ
F:\PROJECT\VIDEODEPTHRECOVERY\VIDEODEPTHRECOVERY\RELEASE\CAMERAPARAMETERS.OBJ
F:\PROJECT\VIDEODEPTHRECOVERY\VIDEODEPTHRECOVERY\RELEASE\CAMFILEPARSER.OBJ
F:\Project\VideoDepthRecovery\VideoDepthRecovery\Release\cl.command.1.tlog
F:\Project\VideoDepthRecovery\VideoDepthRecovery\Release\CL.read.1.tlog
F:\Project\VideoDepthRecovery\VideoDepthRecovery\Release\CL.write.1.tlog
F:\Project\VideoDepthRecovery\VideoDepthRecovery\Release\custombuild.command.1.tlog
F:\Project\VideoDepthRecovery\VideoDepthRecovery\Release\custombuild.read.1.tlog
F:\Project\VideoDepthRecovery\VideoDepthRecovery\Release\custombuild.write.1.tlog
F:\PROJECT\VIDEODEPTHRECOVERY\VIDEODEPTHRECOVERY\RELEASE\CXIMAGEFUNCTION.OBJ
F:\PROJECT\VIDEODEPTHRECOVERY\VIDEODEPTHRECOVERY\RELEASE\DATACOST.OBJ
F:\PROJECT\VIDEODEPTHRECOVERY\VIDEODEPTHRECOVERY\RELEASE\DATACOSTUNIT.OBJ
F:\PROJECT\VIDEODEPTHRECOVERY\VIDEODEPTHRECOVERY\RELEASE\DATACOSTWORKUNIT.OBJ
F:\PROJECT\VIDEODEPTHRECOVERY\VIDEODEPTHRECOVERY\RELEASE\DEPTHPARAWIDGET.OBJ
F:\PROJECT\VIDEODEPTHRECOVERY\VIDEODEPTHRECOVERY\RELEASE\DSPESTIMATOR_NORMAL.OBJ
F:\PROJECT\VIDEODEPTHRECOVERY\VIDEODEPTHRECOVERY\RELEASE\DSPESTIMATORBASE.OBJ
F:\PROJECT\VIDEODEPTHRECOVERY\VIDEODEPTHRECOVERY\RELEASE\FILENAMEPARSER.OBJ
F:\PROJECT\VIDEODEPTHRECOVERY\VIDEODEPTHRECOVERY\RELEASE\FILEPARSER.OBJ
F:\PROJECT\VIDEODEPTHRECOVERY\VIDEODEPTHRECOVERY\RELEASE\FRAMESELECTOR_MATCHPOINTS.OBJ
F:\PROJECT\VIDEODEPTHRECOVERY\VIDEODEPTHRECOVERY\RELEASE\FRAMESELECTOR_NORMAL.OBJ
F:\PROJECT\VIDEODEPTHRECOVERY\VIDEODEPTHRECOVERY\RELEASE\FRAMESELECTORBASE.OBJ
F:\PROJECT\VIDEODEPTHRECOVERY\VIDEODEPTHRECOVERY\RELEASE\IMGPARTITIONBASE.OBJ
F:\PROJECT\VIDEODEPTHRECOVERY\VIDEODEPTHRECOVERY\RELEASE\IMGPARTITON.OBJ
F:\PROJECT\VIDEODEPTHRECOVERY\VIDEODEPTHRECOVERY\RELEASE\LEVENMAROPTIMIZER.OBJ
F:\PROJECT\VIDEODEPTHRECOVERY\VIDEODEPTHRECOVERY\RELEASE\LIGHTSTAGE.EXE.INTERMEDIATE.MANIFEST
F:\Project\VideoDepthRecovery\VideoDepthRecovery\Release\LightStage.write.1.tlog
F:\Project\VideoDepthRecovery\VideoDepthRecovery\Release\link.command.1.tlog
F:\Project\VideoDepthRecovery\VideoDepthRecovery\Release\link.read.1.tlog
F:\Project\VideoDepthRecovery\VideoDepthRecovery\Release\link.read.4.tlog
F:\Project\VideoDepthRecovery\VideoDepthRecovery\Release\link.write.1.tlog
F:\PROJECT\VIDEODEPTHRECOVERY\VIDEODEPTHRECOVERY\RELEASE\LSBELIEFPROPAGATION.OBJ
F:\PROJECT\VIDEODEPTHRECOVERY\VIDEODEPTHRECOVERY\RELEASE\LSCAMERAPARAMETERS.OBJ
F:\PROJECT\VIDEODEPTHRECOVERY\VIDEODEPTHRECOVERY\RELEASE\LSDEPTHESTIMATOR.OBJ
F:\PROJECT\VIDEODEPTHRECOVERY\VIDEODEPTHRECOVERY\RELEASE\LSIMGPARTITION.OBJ
F:\PROJECT\VIDEODEPTHRECOVERY\VIDEODEPTHRECOVERY\RELEASE\LSMODELIO.OBJ
F:\PROJECT\VIDEODEPTHRECOVERY\VIDEODEPTHRECOVERY\RELEASE\LSPARAWIDGET.OBJ
F:\PROJECT\VIDEODEPTHRECOVERY\VIDEODEPTHRECOVERY\RELEASE\LSRUNCONFIGDLG.OBJ
F:\PROJECT\VIDEODEPTHRECOVERY\VIDEODEPTHRECOVERY\RELEASE\LSSTEREOWORKUNIT.OBJ
F:\PROJECT\VIDEODEPTHRECOVERY\VIDEODEPTHRECOVERY\RELEASE\LSSTRUCTUREMOTION.OBJ
F:\PROJECT\VIDEODEPTHRECOVERY\VIDEODEPTHRECOVERY\RELEASE\LSSUPERREFINEWORKUNIT.OBJ
F:\PROJECT\VIDEODEPTHRECOVERY\VIDEODEPTHRECOVERY\RELEASE\LSVIDEOFRAME.OBJ
F:\PROJECT\VIDEODEPTHRECOVERY\VIDEODEPTHRECOVERY\RELEASE\MAIN.OBJ
F:\PROJECT\VIDEODEPTHRECOVERY\VIDEODEPTHRECOVERY\RELEASE\MAINWINDOWCONTROLER.OBJ
F:\PROJECT\VIDEODEPTHRECOVERY\VIDEODEPTHRECOVERY\RELEASE\MARCHINGCUBE.OBJ
F:\PROJECT\VIDEODEPTHRECOVERY\VIDEODEPTHRECOVERY\RELEASE\MARCHINGCUBESTATIC.OBJ
F:\PROJECT\VIDEODEPTHRECOVERY\VIDEODEPTHRECOVERY\RELEASE\MEANSHIFTSEG.OBJ
F:\PROJECT\VIDEODEPTHRECOVERY\VIDEODEPTHRECOVERY\RELEASE\MOC_DEPTHPARAWIDGET.OBJ
F:\PROJECT\VIDEODEPTHRECOVERY\VIDEODEPTHRECOVERY\RELEASE\MOC_LSPARAWIDGET.OBJ
F:\PROJECT\VIDEODEPTHRECOVERY\VIDEODEPTHRECOVERY\RELEASE\MOC_LSRUNCONFIGDLG.OBJ
F:\PROJECT\VIDEODEPTHRECOVERY\VIDEODEPTHRECOVERY\RELEASE\MOC_RUNCONFIGDLG.OBJ
F:\PROJECT\VIDEODEPTHRECOVERY\VIDEODEPTHRECOVERY\RELEASE\MOC_VIDEODEPTHRECOVERY.OBJ
F:\PROJECT\VIDEODEPTHRECOVERY\VIDEODEPTHRECOVERY\RELEASE\MS.OBJ
F:\PROJECT\VIDEODEPTHRECOVERY\VIDEODEPTHRECOVERY\RELEASE\MSIMAGEPROCESSOR.OBJ
F:\PROJECT\VIDEODEPTHRECOVERY\VIDEODEPTHRECOVERY\RELEASE\MSSYS.OBJ
F:\Project\VideoDepthRecovery\VideoDepthRecovery\Release\mt.command.1.tlog
F:\Project\VideoDepthRecovery\VideoDepthRecovery\Release\mt.read.1.tlog
F:\Project\VideoDepthRecovery\VideoDepthRecovery\Release\mt.write.1.tlog
F:\PROJECT\VIDEODEPTHRECOVERY\VIDEODEPTHRECOVERY\RELEASE\MYHEAP.OBJ
F:\PROJECT\VIDEODEPTHRECOVERY\VIDEODEPTHRECOVERY\RELEASE\PIXELCOSTCOMPUTER_INIT.OBJ
F:\PROJECT\VIDEODEPTHRECOVERY\VIDEODEPTHRECOVERY\RELEASE\PIXELCOSTCOMPUTOR_REFINE.OBJ
F:\PROJECT\VIDEODEPTHRECOVERY\VIDEODEPTHRECOVERY\RELEASE\PIXELCOSTCOMPUTORBASE.OBJ
F:\PROJECT\VIDEODEPTHRECOVERY\VIDEODEPTHRECOVERY\RELEASE\PLANFITTINGWORKUNIT.OBJ
F:\PROJECT\VIDEODEPTHRECOVERY\VIDEODEPTHRECOVERY\RELEASE\POINTCLOUDSAMPLING.OBJ
F:\PROJECT\VIDEODEPTHRECOVERY\VIDEODEPTHRECOVERY\RELEASE\POSSIONSHEXEC.OBJ
F:\PROJECT\VIDEODEPTHRECOVERY\VIDEODEPTHRECOVERY\RELEASE\QRC_VIDEODEPTHRECOVERY.OBJ
F:\PROJECT\VIDEODEPTHRECOVERY\VIDEODEPTHRECOVERY\RELEASE\RALIST.OBJ
F:\PROJECT\VIDEODEPTHRECOVERY\VIDEODEPTHRECOVERY\RELEASE\RLIST.OBJ
F:\PROJECT\VIDEODEPTHRECOVERY\VIDEODEPTHRECOVERY\RELEASE\RUNCONFIGDLG.OBJ
F:\PROJECT\VIDEODEPTHRECOVERY\VIDEODEPTHRECOVERY\RELEASE\SIMP1.OBJ
F:\PROJECT\VIDEODEPTHRECOVERY\VIDEODEPTHRECOVERY\RELEASE\SIMP2.OBJ
F:\PROJECT\VIDEODEPTHRECOVERY\VIDEODEPTHRECOVERY\RELEASE\SIMP3.OBJ
F:\PROJECT\VIDEODEPTHRECOVERY\VIDEODEPTHRECOVERY\RELEASE\SIMPLX.OBJ
F:\PROJECT\VIDEODEPTHRECOVERY\VIDEODEPTHRECOVERY\RELEASE\SIMPLXWARP.OBJ
F:\PROJECT\VIDEODEPTHRECOVERY\VIDEODEPTHRECOVERY\RELEASE\SOFTRASTERIZE.OBJ
F:\PROJECT\VIDEODEPTHRECOVERY\VIDEODEPTHRECOVERY\RELEASE\VDRSTRUCTUREMOTION.OBJ
F:\PROJECT\VIDEODEPTHRECOVERY\VIDEODEPTHRECOVERY\RELEASE\VDRVIDEOFRAME.OBJ
F:\PROJECT\VIDEODEPTHRECOVERY\VIDEODEPTHRECOVERY\RELEASE\VH_OCTREE.OBJ
F:\PROJECT\VIDEODEPTHRECOVERY\VIDEODEPTHRECOVERY\RELEASE\VIDEODEPTHRECOVERY.OBJ
F:\PROJECT\VIDEODEPTHRECOVERY\VIDEODEPTHRECOVERY\RELEASE\VISUALHULL.OBJ
F:\PROJECT\VIDEODEPTHRECOVERY\VIDEODEPTHRECOVERY\RELEASE\VOXEL.OBJ
F:\PROJECT\VIDEODEPTHRECOVERY\VIDEODEPTHRECOVERY\RELEASE\ZIMAGE.OBJ
F:\PROJECT\VIDEODEPTHRECOVERY\VIDEODEPTHRECOVERY\RELEASE\ZIMAGEUTIL.OBJ
F:\PROJECT\VIDEODEPTHRECOVERY\WIN32\RELEASE\LIGHTSTAGE.EXE
F:\PROJECT\VIDEODEPTHRECOVERY\WIN32\RELEASE\LIGHTSTAGE.ILK
F:\PROJECT\VIDEODEPTHRECOVERY\WIN32\RELEASE\LIGHTSTAGE.PDB
